<?xml version="1.0" encoding="UTF-8"?>
<testsuite xmlns:xsi="http://www.w3.org/2001/XMLSchema-instance" xsi:noNamespaceSchemaLocation="https://maven.apache.org/surefire/maven-surefire-plugin/xsd/surefire-test-report.xsd" name="br.com.codenation.main.controllers.ApplicationControllerTest" time="5.363" tests="6" errors="0" skipped="0" failures="5">
  <properties>
    <property name="sun.desktop" value="windows"/>
    <property name="awt.toolkit" value="sun.awt.windows.WToolkit"/>
    <property name="java.specification.version" value="11"/>
    <property name="sun.cpu.isalist" value="amd64"/>
    <property name="sun.jnu.encoding" value="Cp1252"/>
    <property name="java.class.path" value="C:\Users\Delag\Desktop\Codenation\CentralDeErros\target\test-classes;C:\Users\Delag\Desktop\Codenation\CentralDeErros\target\classes;C:\Users\Delag\.m2\repository\org\postgresql\postgresql\42.2.11\postgresql-42.2.11.jar;C:\Users\Delag\.m2\repository\org\springframework\boot\spring-boot-devtools\2.2.6.RELEASE\spring-boot-devtools-2.2.6.RELEASE.jar;C:\Users\Delag\.m2\repository\org\springframework\boot\spring-boot\2.2.6.RELEASE\spring-boot-2.2.6.RELEASE.jar;C:\Users\Delag\.m2\repository\org\springframework\spring-context\5.2.5.RELEASE\spring-context-5.2.5.RELEASE.jar;C:\Users\Delag\.m2\repository\org\springframework\boot\spring-boot-autoconfigure\2.2.6.RELEASE\spring-boot-autoconfigure-2.2.6.RELEASE.jar;C:\Users\Delag\.m2\repository\javax\validation\validation-api\2.0.0.Final\validation-api-2.0.0.Final.jar;C:\Users\Delag\.m2\repository\org\springframework\boot\spring-boot-starter-validation\2.2.7.RELEASE\spring-boot-starter-validation-2.2.7.RELEASE.jar;C:\Users\Delag\.m2\repository\org\springframework\boot\spring-boot-starter\2.2.6.RELEASE\spring-boot-starter-2.2.6.RELEASE.jar;C:\Users\Delag\.m2\repository\org\springframework\boot\spring-boot-starter-logging\2.2.6.RELEASE\spring-boot-starter-logging-2.2.6.RELEASE.jar;C:\Users\Delag\.m2\repository\ch\qos\logback\logback-classic\1.2.3\logback-classic-1.2.3.jar;C:\Users\Delag\.m2\repository\ch\qos\logback\logback-core\1.2.3\logback-core-1.2.3.jar;C:\Users\Delag\.m2\repository\org\apache\logging\log4j\log4j-to-slf4j\2.12.1\log4j-to-slf4j-2.12.1.jar;C:\Users\Delag\.m2\repository\org\apache\logging\log4j\log4j-api\2.12.1\log4j-api-2.12.1.jar;C:\Users\Delag\.m2\repository\org\slf4j\jul-to-slf4j\1.7.30\jul-to-slf4j-1.7.30.jar;C:\Users\Delag\.m2\repository\org\yaml\snakeyaml\1.25\snakeyaml-1.25.jar;C:\Users\Delag\.m2\repository\jakarta\validation\jakarta.validation-api\2.0.2\jakarta.validation-api-2.0.2.jar;C:\Users\Delag\.m2\repository\org\apache\tomcat\embed\tomcat-embed-el\9.0.33\tomcat-embed-el-9.0.33.jar;C:\Users\Delag\.m2\repository\org\hibernate\validator\hibernate-validator\6.0.18.Final\hibernate-validator-6.0.18.Final.jar;C:\Users\Delag\.m2\repository\org\jboss\logging\jboss-logging\3.4.1.Final\jboss-logging-3.4.1.Final.jar;C:\Users\Delag\.m2\repository\org\springframework\boot\spring-boot-starter-web\2.2.6.RELEASE\spring-boot-starter-web-2.2.6.RELEASE.jar;C:\Users\Delag\.m2\repository\org\springframework\boot\spring-boot-starter-json\2.2.6.RELEASE\spring-boot-starter-json-2.2.6.RELEASE.jar;C:\Users\Delag\.m2\repository\com\fasterxml\jackson\datatype\jackson-datatype-jdk8\2.10.3\jackson-datatype-jdk8-2.10.3.jar;C:\Users\Delag\.m2\repository\com\fasterxml\jackson\datatype\jackson-datatype-jsr310\2.10.3\jackson-datatype-jsr310-2.10.3.jar;C:\Users\Delag\.m2\repository\com\fasterxml\jackson\module\jackson-module-parameter-names\2.10.3\jackson-module-parameter-names-2.10.3.jar;C:\Users\Delag\.m2\repository\org\springframework\spring-web\5.2.5.RELEASE\spring-web-5.2.5.RELEASE.jar;C:\Users\Delag\.m2\repository\org\springframework\spring-beans\5.2.5.RELEASE\spring-beans-5.2.5.RELEASE.jar;C:\Users\Delag\.m2\repository\org\springframework\spring-webmvc\5.2.5.RELEASE\spring-webmvc-5.2.5.RELEASE.jar;C:\Users\Delag\.m2\repository\org\springframework\spring-expression\5.2.5.RELEASE\spring-expression-5.2.5.RELEASE.jar;C:\Users\Delag\.m2\repository\org\springframework\boot\spring-boot-starter-data-jpa\2.2.6.RELEASE\spring-boot-starter-data-jpa-2.2.6.RELEASE.jar;C:\Users\Delag\.m2\repository\org\springframework\boot\spring-boot-starter-aop\2.2.6.RELEASE\spring-boot-starter-aop-2.2.6.RELEASE.jar;C:\Users\Delag\.m2\repository\org\aspectj\aspectjweaver\1.9.5\aspectjweaver-1.9.5.jar;C:\Users\Delag\.m2\repository\org\springframework\boot\spring-boot-starter-jdbc\2.2.6.RELEASE\spring-boot-starter-jdbc-2.2.6.RELEASE.jar;C:\Users\Delag\.m2\repository\com\zaxxer\HikariCP\3.4.2\HikariCP-3.4.2.jar;C:\Users\Delag\.m2\repository\org\springframework\spring-jdbc\5.2.5.RELEASE\spring-jdbc-5.2.5.RELEASE.jar;C:\Users\Delag\.m2\repository\jakarta\activation\jakarta.activation-api\1.2.2\jakarta.activation-api-1.2.2.jar;C:\Users\Delag\.m2\repository\jakarta\persistence\jakarta.persistence-api\2.2.3\jakarta.persistence-api-2.2.3.jar;C:\Users\Delag\.m2\repository\jakarta\transaction\jakarta.transaction-api\1.3.3\jakarta.transaction-api-1.3.3.jar;C:\Users\Delag\.m2\repository\org\hibernate\hibernate-core\5.4.12.Final\hibernate-core-5.4.12.Final.jar;C:\Users\Delag\.m2\repository\org\javassist\javassist\3.24.0-GA\javassist-3.24.0-GA.jar;C:\Users\Delag\.m2\repository\antlr\antlr\2.7.7\antlr-2.7.7.jar;C:\Users\Delag\.m2\repository\org\jboss\jandex\2.1.1.Final\jandex-2.1.1.Final.jar;C:\Users\Delag\.m2\repository\org\dom4j\dom4j\2.1.1\dom4j-2.1.1.jar;C:\Users\Delag\.m2\repository\org\hibernate\common\hibernate-commons-annotations\5.1.0.Final\hibernate-commons-annotations-5.1.0.Final.jar;C:\Users\Delag\.m2\repository\org\springframework\data\spring-data-jpa\2.2.6.RELEASE\spring-data-jpa-2.2.6.RELEASE.jar;C:\Users\Delag\.m2\repository\org\springframework\data\spring-data-commons\2.2.6.RELEASE\spring-data-commons-2.2.6.RELEASE.jar;C:\Users\Delag\.m2\repository\org\springframework\spring-orm\5.2.5.RELEASE\spring-orm-5.2.5.RELEASE.jar;C:\Users\Delag\.m2\repository\org\springframework\spring-tx\5.2.5.RELEASE\spring-tx-5.2.5.RELEASE.jar;C:\Users\Delag\.m2\repository\org\springframework\spring-aspects\5.2.5.RELEASE\spring-aspects-5.2.5.RELEASE.jar;C:\Users\Delag\.m2\repository\org\projectlombok\lombok\1.18.8\lombok-1.18.8.jar;C:\Users\Delag\.m2\repository\io\springfox\springfox-swagger2\2.9.2\springfox-swagger2-2.9.2.jar;C:\Users\Delag\.m2\repository\io\swagger\swagger-annotations\1.5.20\swagger-annotations-1.5.20.jar;C:\Users\Delag\.m2\repository\io\swagger\swagger-models\1.5.20\swagger-models-1.5.20.jar;C:\Users\Delag\.m2\repository\io\springfox\springfox-spi\2.9.2\springfox-spi-2.9.2.jar;C:\Users\Delag\.m2\repository\io\springfox\springfox-core\2.9.2\springfox-core-2.9.2.jar;C:\Users\Delag\.m2\repository\io\springfox\springfox-schema\2.9.2\springfox-schema-2.9.2.jar;C:\Users\Delag\.m2\repository\io\springfox\springfox-swagger-common\2.9.2\springfox-swagger-common-2.9.2.jar;C:\Users\Delag\.m2\repository\io\springfox\springfox-spring-web\2.9.2\springfox-spring-web-2.9.2.jar;C:\Users\Delag\.m2\repository\com\google\guava\guava\20.0\guava-20.0.jar;C:\Users\Delag\.m2\repository\com\fasterxml\classmate\1.5.1\classmate-1.5.1.jar;C:\Users\Delag\.m2\repository\org\slf4j\slf4j-api\1.7.30\slf4j-api-1.7.30.jar;C:\Users\Delag\.m2\repository\org\springframework\plugin\spring-plugin-core\1.2.0.RELEASE\spring-plugin-core-1.2.0.RELEASE.jar;C:\Users\Delag\.m2\repository\org\springframework\plugin\spring-plugin-metadata\1.2.0.RELEASE\spring-plugin-metadata-1.2.0.RELEASE.jar;C:\Users\Delag\.m2\repository\io\springfox\springfox-swagger-ui\2.9.2\springfox-swagger-ui-2.9.2.jar;C:\Users\Delag\.m2\repository\org\springframework\boot\spring-boot-starter-security\2.2.6.RELEASE\spring-boot-starter-security-2.2.6.RELEASE.jar;C:\Users\Delag\.m2\repository\org\springframework\spring-aop\5.2.5.RELEASE\spring-aop-5.2.5.RELEASE.jar;C:\Users\Delag\.m2\repository\org\springframework\security\spring-security-config\5.2.2.RELEASE\spring-security-config-5.2.2.RELEASE.jar;C:\Users\Delag\.m2\repository\org\springframework\security\spring-security-core\5.2.2.RELEASE\spring-security-core-5.2.2.RELEASE.jar;C:\Users\Delag\.m2\repository\org\springframework\security\spring-security-web\5.2.2.RELEASE\spring-security-web-5.2.2.RELEASE.jar;C:\Users\Delag\.m2\repository\org\springframework\security\oauth\boot\spring-security-oauth2-autoconfigure\2.3.1.RELEASE\spring-security-oauth2-autoconfigure-2.3.1.RELEASE.jar;C:\Users\Delag\.m2\repository\com\fasterxml\jackson\core\jackson-annotations\2.10.3\jackson-annotations-2.10.3.jar;C:\Users\Delag\.m2\repository\com\fasterxml\jackson\core\jackson-databind\2.10.3\jackson-databind-2.10.3.jar;C:\Users\Delag\.m2\repository\com\fasterxml\jackson\core\jackson-core\2.10.3\jackson-core-2.10.3.jar;C:\Users\Delag\.m2\repository\javax\xml\bind\jaxb-api\2.3.1\jaxb-api-2.3.1.jar;C:\Users\Delag\.m2\repository\javax\activation\javax.activation-api\1.2.0\javax.activation-api-1.2.0.jar;C:\Users\Delag\.m2\repository\org\springframework\security\oauth\spring-security-oauth2\2.4.1.RELEASE\spring-security-oauth2-2.4.1.RELEASE.jar;C:\Users\Delag\.m2\repository\commons-codec\commons-codec\1.13\commons-codec-1.13.jar;C:\Users\Delag\.m2\repository\org\springframework\security\spring-security-jwt\1.1.1.RELEASE\spring-security-jwt-1.1.1.RELEASE.jar;C:\Users\Delag\.m2\repository\org\bouncycastle\bcpkix-jdk15on\1.64\bcpkix-jdk15on-1.64.jar;C:\Users\Delag\.m2\repository\org\bouncycastle\bcprov-jdk15on\1.64\bcprov-jdk15on-1.64.jar;C:\Users\Delag\.m2\repository\org\glassfish\jaxb\jaxb-runtime\2.3.2\jaxb-runtime-2.3.2.jar;C:\Users\Delag\.m2\repository\org\glassfish\jaxb\txw2\2.3.2\txw2-2.3.2.jar;C:\Users\Delag\.m2\repository\com\sun\istack\istack-commons-runtime\3.0.8\istack-commons-runtime-3.0.8.jar;C:\Users\Delag\.m2\repository\org\jvnet\staxex\stax-ex\1.8.1\stax-ex-1.8.1.jar;C:\Users\Delag\.m2\repository\com\sun\xml\fastinfoset\FastInfoset\1.2.16\FastInfoset-1.2.16.jar;C:\Users\Delag\.m2\repository\org\mapstruct\mapstruct\1.3.0.Final\mapstruct-1.3.0.Final.jar;C:\Users\Delag\.m2\repository\org\springframework\boot\spring-boot-starter-tomcat\2.2.6.RELEASE\spring-boot-starter-tomcat-2.2.6.RELEASE.jar;C:\Users\Delag\.m2\repository\jakarta\annotation\jakarta.annotation-api\1.3.5\jakarta.annotation-api-1.3.5.jar;C:\Users\Delag\.m2\repository\org\apache\tomcat\embed\tomcat-embed-core\9.0.33\tomcat-embed-core-9.0.33.jar;C:\Users\Delag\.m2\repository\org\apache\tomcat\embed\tomcat-embed-websocket\9.0.33\tomcat-embed-websocket-9.0.33.jar;C:\Users\Delag\.m2\repository\org\springframework\boot\spring-boot-starter-test\2.2.6.RELEASE\spring-boot-starter-test-2.2.6.RELEASE.jar;C:\Users\Delag\.m2\repository\org\springframework\boot\spring-boot-test\2.2.6.RELEASE\spring-boot-test-2.2.6.RELEASE.jar;C:\Users\Delag\.m2\repository\org\springframework\boot\spring-boot-test-autoconfigure\2.2.6.RELEASE\spring-boot-test-autoconfigure-2.2.6.RELEASE.jar;C:\Users\Delag\.m2\repository\com\jayway\jsonpath\json-path\2.4.0\json-path-2.4.0.jar;C:\Users\Delag\.m2\repository\net\minidev\json-smart\2.3\json-smart-2.3.jar;C:\Users\Delag\.m2\repository\net\minidev\accessors-smart\1.2\accessors-smart-1.2.jar;C:\Users\Delag\.m2\repository\org\ow2\asm\asm\5.0.4\asm-5.0.4.jar;C:\Users\Delag\.m2\repository\jakarta\xml\bind\jakarta.xml.bind-api\2.3.3\jakarta.xml.bind-api-2.3.3.jar;C:\Users\Delag\.m2\repository\org\junit\jupiter\junit-jupiter\5.5.2\junit-jupiter-5.5.2.jar;C:\Users\Delag\.m2\repository\org\junit\jupiter\junit-jupiter-api\5.5.2\junit-jupiter-api-5.5.2.jar;C:\Users\Delag\.m2\repository\org\apiguardian\apiguardian-api\1.1.0\apiguardian-api-1.1.0.jar;C:\Users\Delag\.m2\repository\org\opentest4j\opentest4j\1.2.0\opentest4j-1.2.0.jar;C:\Users\Delag\.m2\repository\org\junit\platform\junit-platform-commons\1.5.2\junit-platform-commons-1.5.2.jar;C:\Users\Delag\.m2\repository\org\junit\jupiter\junit-jupiter-params\5.5.2\junit-jupiter-params-5.5.2.jar;C:\Users\Delag\.m2\repository\org\junit\jupiter\junit-jupiter-engine\5.5.2\junit-jupiter-engine-5.5.2.jar;C:\Users\Delag\.m2\repository\org\junit\platform\junit-platform-engine\1.5.2\junit-platform-engine-1.5.2.jar;C:\Users\Delag\.m2\repository\org\mockito\mockito-junit-jupiter\3.1.0\mockito-junit-jupiter-3.1.0.jar;C:\Users\Delag\.m2\repository\org\assertj\assertj-core\3.13.2\assertj-core-3.13.2.jar;C:\Users\Delag\.m2\repository\org\hamcrest\hamcrest\2.1\hamcrest-2.1.jar;C:\Users\Delag\.m2\repository\org\skyscreamer\jsonassert\1.5.0\jsonassert-1.5.0.jar;C:\Users\Delag\.m2\repository\com\vaadin\external\google\android-json\0.0.20131108.vaadin1\android-json-0.0.20131108.vaadin1.jar;C:\Users\Delag\.m2\repository\org\springframework\spring-core\5.2.5.RELEASE\spring-core-5.2.5.RELEASE.jar;C:\Users\Delag\.m2\repository\org\springframework\spring-jcl\5.2.5.RELEASE\spring-jcl-5.2.5.RELEASE.jar;C:\Users\Delag\.m2\repository\org\springframework\spring-test\5.2.5.RELEASE\spring-test-5.2.5.RELEASE.jar;C:\Users\Delag\.m2\repository\org\xmlunit\xmlunit-core\2.6.4\xmlunit-core-2.6.4.jar;C:\Users\Delag\.m2\repository\org\mockito\mockito-core\3.3.3\mockito-core-3.3.3.jar;C:\Users\Delag\.m2\repository\net\bytebuddy\byte-buddy\1.10.8\byte-buddy-1.10.8.jar;C:\Users\Delag\.m2\repository\net\bytebuddy\byte-buddy-agent\1.10.8\byte-buddy-agent-1.10.8.jar;C:\Users\Delag\.m2\repository\org\objenesis\objenesis\2.6\objenesis-2.6.jar;C:\Users\Delag\.m2\repository\com\h2database\h2\1.4.200\h2-1.4.200.jar;C:\Users\Delag\.m2\repository\com\google\code\gson\gson\2.8.6\gson-2.8.6.jar;"/>
    <property name="java.vm.vendor" value="Oracle Corporation"/>
    <property name="sun.arch.data.model" value="64"/>
    <property name="user.variant" value=""/>
    <property name="java.vendor.url" value="https://openjdk.java.net/"/>
    <property name="user.timezone" value="America/Sao_Paulo"/>
    <property name="java.vm.specification.version" value="11"/>
    <property name="os.name" value="Windows 10"/>
    <property name="sun.java.launcher" value="SUN_STANDARD"/>
    <property name="user.country" value="BR"/>
    <property name="sun.boot.library.path" value="C:\Program Files\Java\jdk-11.0.7\bin"/>
    <property name="sun.java.command" value="E:\TMP\surefire12190092903703833940\surefirebooter14588222714151466435.jar E:\TMP\surefire12190092903703833940 2020-07-08T20-41-24_134-jvmRun1 surefire7588687459245144816tmp surefire_05781253148332556667tmp"/>
    <property name="jdk.debug" value="release"/>
    <property name="surefire.test.class.path" value="C:\Users\Delag\Desktop\Codenation\CentralDeErros\target\test-classes;C:\Users\Delag\Desktop\Codenation\CentralDeErros\target\classes;C:\Users\Delag\.m2\repository\org\postgresql\postgresql\42.2.11\postgresql-42.2.11.jar;C:\Users\Delag\.m2\repository\org\springframework\boot\spring-boot-devtools\2.2.6.RELEASE\spring-boot-devtools-2.2.6.RELEASE.jar;C:\Users\Delag\.m2\repository\org\springframework\boot\spring-boot\2.2.6.RELEASE\spring-boot-2.2.6.RELEASE.jar;C:\Users\Delag\.m2\repository\org\springframework\spring-context\5.2.5.RELEASE\spring-context-5.2.5.RELEASE.jar;C:\Users\Delag\.m2\repository\org\springframework\boot\spring-boot-autoconfigure\2.2.6.RELEASE\spring-boot-autoconfigure-2.2.6.RELEASE.jar;C:\Users\Delag\.m2\repository\javax\validation\validation-api\2.0.0.Final\validation-api-2.0.0.Final.jar;C:\Users\Delag\.m2\repository\org\springframework\boot\spring-boot-starter-validation\2.2.7.RELEASE\spring-boot-starter-validation-2.2.7.RELEASE.jar;C:\Users\Delag\.m2\repository\org\springframework\boot\spring-boot-starter\2.2.6.RELEASE\spring-boot-starter-2.2.6.RELEASE.jar;C:\Users\Delag\.m2\repository\org\springframework\boot\spring-boot-starter-logging\2.2.6.RELEASE\spring-boot-starter-logging-2.2.6.RELEASE.jar;C:\Users\Delag\.m2\repository\ch\qos\logback\logback-classic\1.2.3\logback-classic-1.2.3.jar;C:\Users\Delag\.m2\repository\ch\qos\logback\logback-core\1.2.3\logback-core-1.2.3.jar;C:\Users\Delag\.m2\repository\org\apache\logging\log4j\log4j-to-slf4j\2.12.1\log4j-to-slf4j-2.12.1.jar;C:\Users\Delag\.m2\repository\org\apache\logging\log4j\log4j-api\2.12.1\log4j-api-2.12.1.jar;C:\Users\Delag\.m2\repository\org\slf4j\jul-to-slf4j\1.7.30\jul-to-slf4j-1.7.30.jar;C:\Users\Delag\.m2\repository\org\yaml\snakeyaml\1.25\snakeyaml-1.25.jar;C:\Users\Delag\.m2\repository\jakarta\validation\jakarta.validation-api\2.0.2\jakarta.validation-api-2.0.2.jar;C:\Users\Delag\.m2\repository\org\apache\tomcat\embed\tomcat-embed-el\9.0.33\tomcat-embed-el-9.0.33.jar;C:\Users\Delag\.m2\repository\org\hibernate\validator\hibernate-validator\6.0.18.Final\hibernate-validator-6.0.18.Final.jar;C:\Users\Delag\.m2\repository\org\jboss\logging\jboss-logging\3.4.1.Final\jboss-logging-3.4.1.Final.jar;C:\Users\Delag\.m2\repository\org\springframework\boot\spring-boot-starter-web\2.2.6.RELEASE\spring-boot-starter-web-2.2.6.RELEASE.jar;C:\Users\Delag\.m2\repository\org\springframework\boot\spring-boot-starter-json\2.2.6.RELEASE\spring-boot-starter-json-2.2.6.RELEASE.jar;C:\Users\Delag\.m2\repository\com\fasterxml\jackson\datatype\jackson-datatype-jdk8\2.10.3\jackson-datatype-jdk8-2.10.3.jar;C:\Users\Delag\.m2\repository\com\fasterxml\jackson\datatype\jackson-datatype-jsr310\2.10.3\jackson-datatype-jsr310-2.10.3.jar;C:\Users\Delag\.m2\repository\com\fasterxml\jackson\module\jackson-module-parameter-names\2.10.3\jackson-module-parameter-names-2.10.3.jar;C:\Users\Delag\.m2\repository\org\springframework\spring-web\5.2.5.RELEASE\spring-web-5.2.5.RELEASE.jar;C:\Users\Delag\.m2\repository\org\springframework\spring-beans\5.2.5.RELEASE\spring-beans-5.2.5.RELEASE.jar;C:\Users\Delag\.m2\repository\org\springframework\spring-webmvc\5.2.5.RELEASE\spring-webmvc-5.2.5.RELEASE.jar;C:\Users\Delag\.m2\repository\org\springframework\spring-expression\5.2.5.RELEASE\spring-expression-5.2.5.RELEASE.jar;C:\Users\Delag\.m2\repository\org\springframework\boot\spring-boot-starter-data-jpa\2.2.6.RELEASE\spring-boot-starter-data-jpa-2.2.6.RELEASE.jar;C:\Users\Delag\.m2\repository\org\springframework\boot\spring-boot-starter-aop\2.2.6.RELEASE\spring-boot-starter-aop-2.2.6.RELEASE.jar;C:\Users\Delag\.m2\repository\org\aspectj\aspectjweaver\1.9.5\aspectjweaver-1.9.5.jar;C:\Users\Delag\.m2\repository\org\springframework\boot\spring-boot-starter-jdbc\2.2.6.RELEASE\spring-boot-starter-jdbc-2.2.6.RELEASE.jar;C:\Users\Delag\.m2\repository\com\zaxxer\HikariCP\3.4.2\HikariCP-3.4.2.jar;C:\Users\Delag\.m2\repository\org\springframework\spring-jdbc\5.2.5.RELEASE\spring-jdbc-5.2.5.RELEASE.jar;C:\Users\Delag\.m2\repository\jakarta\activation\jakarta.activation-api\1.2.2\jakarta.activation-api-1.2.2.jar;C:\Users\Delag\.m2\repository\jakarta\persistence\jakarta.persistence-api\2.2.3\jakarta.persistence-api-2.2.3.jar;C:\Users\Delag\.m2\repository\jakarta\transaction\jakarta.transaction-api\1.3.3\jakarta.transaction-api-1.3.3.jar;C:\Users\Delag\.m2\repository\org\hibernate\hibernate-core\5.4.12.Final\hibernate-core-5.4.12.Final.jar;C:\Users\Delag\.m2\repository\org\javassist\javassist\3.24.0-GA\javassist-3.24.0-GA.jar;C:\Users\Delag\.m2\repository\antlr\antlr\2.7.7\antlr-2.7.7.jar;C:\Users\Delag\.m2\repository\org\jboss\jandex\2.1.1.Final\jandex-2.1.1.Final.jar;C:\Users\Delag\.m2\repository\org\dom4j\dom4j\2.1.1\dom4j-2.1.1.jar;C:\Users\Delag\.m2\repository\org\hibernate\common\hibernate-commons-annotations\5.1.0.Final\hibernate-commons-annotations-5.1.0.Final.jar;C:\Users\Delag\.m2\repository\org\springframework\data\spring-data-jpa\2.2.6.RELEASE\spring-data-jpa-2.2.6.RELEASE.jar;C:\Users\Delag\.m2\repository\org\springframework\data\spring-data-commons\2.2.6.RELEASE\spring-data-commons-2.2.6.RELEASE.jar;C:\Users\Delag\.m2\repository\org\springframework\spring-orm\5.2.5.RELEASE\spring-orm-5.2.5.RELEASE.jar;C:\Users\Delag\.m2\repository\org\springframework\spring-tx\5.2.5.RELEASE\spring-tx-5.2.5.RELEASE.jar;C:\Users\Delag\.m2\repository\org\springframework\spring-aspects\5.2.5.RELEASE\spring-aspects-5.2.5.RELEASE.jar;C:\Users\Delag\.m2\repository\org\projectlombok\lombok\1.18.8\lombok-1.18.8.jar;C:\Users\Delag\.m2\repository\io\springfox\springfox-swagger2\2.9.2\springfox-swagger2-2.9.2.jar;C:\Users\Delag\.m2\repository\io\swagger\swagger-annotations\1.5.20\swagger-annotations-1.5.20.jar;C:\Users\Delag\.m2\repository\io\swagger\swagger-models\1.5.20\swagger-models-1.5.20.jar;C:\Users\Delag\.m2\repository\io\springfox\springfox-spi\2.9.2\springfox-spi-2.9.2.jar;C:\Users\Delag\.m2\repository\io\springfox\springfox-core\2.9.2\springfox-core-2.9.2.jar;C:\Users\Delag\.m2\repository\io\springfox\springfox-schema\2.9.2\springfox-schema-2.9.2.jar;C:\Users\Delag\.m2\repository\io\springfox\springfox-swagger-common\2.9.2\springfox-swagger-common-2.9.2.jar;C:\Users\Delag\.m2\repository\io\springfox\springfox-spring-web\2.9.2\springfox-spring-web-2.9.2.jar;C:\Users\Delag\.m2\repository\com\google\guava\guava\20.0\guava-20.0.jar;C:\Users\Delag\.m2\repository\com\fasterxml\classmate\1.5.1\classmate-1.5.1.jar;C:\Users\Delag\.m2\repository\org\slf4j\slf4j-api\1.7.30\slf4j-api-1.7.30.jar;C:\Users\Delag\.m2\repository\org\springframework\plugin\spring-plugin-core\1.2.0.RELEASE\spring-plugin-core-1.2.0.RELEASE.jar;C:\Users\Delag\.m2\repository\org\springframework\plugin\spring-plugin-metadata\1.2.0.RELEASE\spring-plugin-metadata-1.2.0.RELEASE.jar;C:\Users\Delag\.m2\repository\io\springfox\springfox-swagger-ui\2.9.2\springfox-swagger-ui-2.9.2.jar;C:\Users\Delag\.m2\repository\org\springframework\boot\spring-boot-starter-security\2.2.6.RELEASE\spring-boot-starter-security-2.2.6.RELEASE.jar;C:\Users\Delag\.m2\repository\org\springframework\spring-aop\5.2.5.RELEASE\spring-aop-5.2.5.RELEASE.jar;C:\Users\Delag\.m2\repository\org\springframework\security\spring-security-config\5.2.2.RELEASE\spring-security-config-5.2.2.RELEASE.jar;C:\Users\Delag\.m2\repository\org\springframework\security\spring-security-core\5.2.2.RELEASE\spring-security-core-5.2.2.RELEASE.jar;C:\Users\Delag\.m2\repository\org\springframework\security\spring-security-web\5.2.2.RELEASE\spring-security-web-5.2.2.RELEASE.jar;C:\Users\Delag\.m2\repository\org\springframework\security\oauth\boot\spring-security-oauth2-autoconfigure\2.3.1.RELEASE\spring-security-oauth2-autoconfigure-2.3.1.RELEASE.jar;C:\Users\Delag\.m2\repository\com\fasterxml\jackson\core\jackson-annotations\2.10.3\jackson-annotations-2.10.3.jar;C:\Users\Delag\.m2\repository\com\fasterxml\jackson\core\jackson-databind\2.10.3\jackson-databind-2.10.3.jar;C:\Users\Delag\.m2\repository\com\fasterxml\jackson\core\jackson-core\2.10.3\jackson-core-2.10.3.jar;C:\Users\Delag\.m2\repository\javax\xml\bind\jaxb-api\2.3.1\jaxb-api-2.3.1.jar;C:\Users\Delag\.m2\repository\javax\activation\javax.activation-api\1.2.0\javax.activation-api-1.2.0.jar;C:\Users\Delag\.m2\repository\org\springframework\security\oauth\spring-security-oauth2\2.4.1.RELEASE\spring-security-oauth2-2.4.1.RELEASE.jar;C:\Users\Delag\.m2\repository\commons-codec\commons-codec\1.13\commons-codec-1.13.jar;C:\Users\Delag\.m2\repository\org\springframework\security\spring-security-jwt\1.1.1.RELEASE\spring-security-jwt-1.1.1.RELEASE.jar;C:\Users\Delag\.m2\repository\org\bouncycastle\bcpkix-jdk15on\1.64\bcpkix-jdk15on-1.64.jar;C:\Users\Delag\.m2\repository\org\bouncycastle\bcprov-jdk15on\1.64\bcprov-jdk15on-1.64.jar;C:\Users\Delag\.m2\repository\org\glassfish\jaxb\jaxb-runtime\2.3.2\jaxb-runtime-2.3.2.jar;C:\Users\Delag\.m2\repository\org\glassfish\jaxb\txw2\2.3.2\txw2-2.3.2.jar;C:\Users\Delag\.m2\repository\com\sun\istack\istack-commons-runtime\3.0.8\istack-commons-runtime-3.0.8.jar;C:\Users\Delag\.m2\repository\org\jvnet\staxex\stax-ex\1.8.1\stax-ex-1.8.1.jar;C:\Users\Delag\.m2\repository\com\sun\xml\fastinfoset\FastInfoset\1.2.16\FastInfoset-1.2.16.jar;C:\Users\Delag\.m2\repository\org\mapstruct\mapstruct\1.3.0.Final\mapstruct-1.3.0.Final.jar;C:\Users\Delag\.m2\repository\org\springframework\boot\spring-boot-starter-tomcat\2.2.6.RELEASE\spring-boot-starter-tomcat-2.2.6.RELEASE.jar;C:\Users\Delag\.m2\repository\jakarta\annotation\jakarta.annotation-api\1.3.5\jakarta.annotation-api-1.3.5.jar;C:\Users\Delag\.m2\repository\org\apache\tomcat\embed\tomcat-embed-core\9.0.33\tomcat-embed-core-9.0.33.jar;C:\Users\Delag\.m2\repository\org\apache\tomcat\embed\tomcat-embed-websocket\9.0.33\tomcat-embed-websocket-9.0.33.jar;C:\Users\Delag\.m2\repository\org\springframework\boot\spring-boot-starter-test\2.2.6.RELEASE\spring-boot-starter-test-2.2.6.RELEASE.jar;C:\Users\Delag\.m2\repository\org\springframework\boot\spring-boot-test\2.2.6.RELEASE\spring-boot-test-2.2.6.RELEASE.jar;C:\Users\Delag\.m2\repository\org\springframework\boot\spring-boot-test-autoconfigure\2.2.6.RELEASE\spring-boot-test-autoconfigure-2.2.6.RELEASE.jar;C:\Users\Delag\.m2\repository\com\jayway\jsonpath\json-path\2.4.0\json-path-2.4.0.jar;C:\Users\Delag\.m2\repository\net\minidev\json-smart\2.3\json-smart-2.3.jar;C:\Users\Delag\.m2\repository\net\minidev\accessors-smart\1.2\accessors-smart-1.2.jar;C:\Users\Delag\.m2\repository\org\ow2\asm\asm\5.0.4\asm-5.0.4.jar;C:\Users\Delag\.m2\repository\jakarta\xml\bind\jakarta.xml.bind-api\2.3.3\jakarta.xml.bind-api-2.3.3.jar;C:\Users\Delag\.m2\repository\org\junit\jupiter\junit-jupiter\5.5.2\junit-jupiter-5.5.2.jar;C:\Users\Delag\.m2\repository\org\junit\jupiter\junit-jupiter-api\5.5.2\junit-jupiter-api-5.5.2.jar;C:\Users\Delag\.m2\repository\org\apiguardian\apiguardian-api\1.1.0\apiguardian-api-1.1.0.jar;C:\Users\Delag\.m2\repository\org\opentest4j\opentest4j\1.2.0\opentest4j-1.2.0.jar;C:\Users\Delag\.m2\repository\org\junit\platform\junit-platform-commons\1.5.2\junit-platform-commons-1.5.2.jar;C:\Users\Delag\.m2\repository\org\junit\jupiter\junit-jupiter-params\5.5.2\junit-jupiter-params-5.5.2.jar;C:\Users\Delag\.m2\repository\org\junit\jupiter\junit-jupiter-engine\5.5.2\junit-jupiter-engine-5.5.2.jar;C:\Users\Delag\.m2\repository\org\junit\platform\junit-platform-engine\1.5.2\junit-platform-engine-1.5.2.jar;C:\Users\Delag\.m2\repository\org\mockito\mockito-junit-jupiter\3.1.0\mockito-junit-jupiter-3.1.0.jar;C:\Users\Delag\.m2\repository\org\assertj\assertj-core\3.13.2\assertj-core-3.13.2.jar;C:\Users\Delag\.m2\repository\org\hamcrest\hamcrest\2.1\hamcrest-2.1.jar;C:\Users\Delag\.m2\repository\org\skyscreamer\jsonassert\1.5.0\jsonassert-1.5.0.jar;C:\Users\Delag\.m2\repository\com\vaadin\external\google\android-json\0.0.20131108.vaadin1\android-json-0.0.20131108.vaadin1.jar;C:\Users\Delag\.m2\repository\org\springframework\spring-core\5.2.5.RELEASE\spring-core-5.2.5.RELEASE.jar;C:\Users\Delag\.m2\repository\org\springframework\spring-jcl\5.2.5.RELEASE\spring-jcl-5.2.5.RELEASE.jar;C:\Users\Delag\.m2\repository\org\springframework\spring-test\5.2.5.RELEASE\spring-test-5.2.5.RELEASE.jar;C:\Users\Delag\.m2\repository\org\xmlunit\xmlunit-core\2.6.4\xmlunit-core-2.6.4.jar;C:\Users\Delag\.m2\repository\org\mockito\mockito-core\3.3.3\mockito-core-3.3.3.jar;C:\Users\Delag\.m2\repository\net\bytebuddy\byte-buddy\1.10.8\byte-buddy-1.10.8.jar;C:\Users\Delag\.m2\repository\net\bytebuddy\byte-buddy-agent\1.10.8\byte-buddy-agent-1.10.8.jar;C:\Users\Delag\.m2\repository\org\objenesis\objenesis\2.6\objenesis-2.6.jar;C:\Users\Delag\.m2\repository\com\h2database\h2\1.4.200\h2-1.4.200.jar;C:\Users\Delag\.m2\repository\com\google\code\gson\gson\2.8.6\gson-2.8.6.jar;"/>
    <property name="sun.cpu.endian" value="little"/>
    <property name="user.home" value="C:\Users\Delag"/>
    <property name="user.language" value="pt"/>
    <property name="java.specification.vendor" value="Oracle Corporation"/>
    <property name="java.version.date" value="2020-04-14"/>
    <property name="java.home" value="C:\Program Files\Java\jdk-11.0.7"/>
    <property name="file.separator" value="\"/>
    <property name="basedir" value="C:\Users\Delag\Desktop\Codenation\CentralDeErros"/>
    <property name="java.vm.compressedOopsMode" value="Zero based"/>
    <property name="line.separator" value="&#10;"/>
    <property name="java.specification.name" value="Java Platform API Specification"/>
    <property name="java.vm.specification.vendor" value="Oracle Corporation"/>
    <property name="java.awt.graphicsenv" value="sun.awt.Win32GraphicsEnvironment"/>
    <property name="idea.version2020.1.2" value="true"/>
    <property name="surefire.real.class.path" value="E:\TMP\surefire12190092903703833940\surefirebooter14588222714151466435.jar"/>
    <property name="user.script" value=""/>
    <property name="sun.management.compiler" value="HotSpot 64-Bit Tiered Compilers"/>
    <property name="java.runtime.version" value="11.0.7+8-LTS"/>
    <property name="user.name" value="Delag"/>
    <property name="path.separator" value=";"/>
    <property name="os.version" value="10.0"/>
    <property name="java.runtime.name" value="Java(TM) SE Runtime Environment"/>
    <property name="file.encoding" value="Cp1252"/>
    <property name="java.vm.name" value="Java HotSpot(TM) 64-Bit Server VM"/>
    <property name="java.vendor.version" value="18.9"/>
    <property name="localRepository" value="C:\Users\Delag\.m2\repository"/>
    <property name="java.vendor.url.bug" value="https://bugreport.java.com/bugreport/"/>
    <property name="java.io.tmpdir" value="E:\TMP\"/>
    <property name="java.version" value="11.0.7"/>
    <property name="user.dir" value="C:\Users\Delag\Desktop\Codenation\CentralDeErros"/>
    <property name="os.arch" value="amd64"/>
    <property name="java.vm.specification.name" value="Java Virtual Machine Specification"/>
    <property name="java.awt.printerjob" value="sun.awt.windows.WPrinterJob"/>
    <property name="sun.os.patch.level" value=""/>
    <property name="java.library.path" value="C:\Program Files\Java\jdk-11.0.7\bin;C:\WINDOWS\Sun\Java\bin;C:\WINDOWS\system32;C:\WINDOWS;C:\Program Files (x86)\Common Files\Oracle\Java\javapath;C:\Windows\system32;C:\Windows;C:\Windows\System32\Wbem;C:\Windows\System32\WindowsPowerShell\v1.0\;C:\Program Files (x86)\NVIDIA Corporation\PhysX\Common;C:\WINDOWS\system32;C:\WINDOWS;C:\WINDOWS\System32\Wbem;C:\WINDOWS\System32\WindowsPowerShell\v1.0\;C:\WINDOWS\System32\OpenSSH\;E:\ProgramFiles(x86)\MYSQL;C:\Program Files\NVIDIA Corporation\NVIDIA NvDLISR;C:\WINDOWS\system32;C:\WINDOWS;C:\WINDOWS\System32\Wbem;C:\WINDOWS\System32\WindowsPowerShell\v1.0\;C:\WINDOWS\System32\OpenSSH\;C:\Program Files\Java\jdk1.8.0_241\bin;E:\ProgramFiles(x86)\Node\;E:\apache-maven-3.6.3\bin;E:\flutter_windows_v1.12.13+hotfix.8-stable\flutter\bin;C:\Program Files (x86)\Microsoft SQL Server\150\DTS\Binn\;C:\Program Files\Microsoft SQL Server\Client SDK\ODBC\170\Tools\Binn\;C:\Program Files (x86)\Microsoft SQL Server\150\Tools\Binn\;C:\Program Files\Microsoft SQL Server\150\Tools\Binn\;C:\Program Files\Microsoft SQL Server\150\DTS\Binn\;C:\Users\Delag\AppData\Local\Android\Sdk\tools;C:\Users\Delag\AppData\Local\Android\Sdk\tools\bin;C:\Users\Delag\AppData\Local\Android\Sdk\platform-tools;C:\Users\Delag\AppData\Local\Android\Sdk\build-tools\23.0.3;C:\Gradle\gradle-6.3\bin;C:\Python27;E:\ProgramFiles(x86)\Git\cmd;E:\sonarqube-6.7.7\bin\windows-x86-64;C:\Program Files\MySQL\MySQL Shell 8.0\bin\;C:\Users\Delag\AppData\Local\Programs\Python\Python38-32\Scripts\;C:\Users\Delag\AppData\Local\Programs\Python\Python38-32\;C:\Users\Delag\AppData\Local\Microsoft\WindowsApps;E:\ProgramFiles(x86)\Microsoft VS Code\Microsoft VS Code\bin;E:\Programas\Heroku\bin;C:\Users\Delag\AppData\Roaming\npm;C:\Gradle\gradle-6.3\bin;C:\Users\Delag\Desktop\Codenation;;E:\Programas\IntelliJ IDEA 2020.1.2\bin;;."/>
    <property name="java.vendor" value="Oracle Corporation"/>
    <property name="java.vm.info" value="mixed mode"/>
    <property name="java.vm.version" value="11.0.7+8-LTS"/>
    <property name="sun.io.unicode.encoding" value="UnicodeLittle"/>
    <property name="java.class.version" value="55.0"/>
  </properties>
  <testcase name="shouldBeSuccessfulWhenCreatingANewApplication" classname="br.com.codenation.main.controllers.ApplicationControllerTest" time="0.691">
    <failure message="Range for response status value 401 expected:&lt;SUCCESSFUL&gt; but was:&lt;CLIENT_ERROR&gt;" type="java.lang.AssertionError"><![CDATA[java.lang.AssertionError: Range for response status value 401 expected:<SUCCESSFUL> but was:<CLIENT_ERROR>
	at br.com.codenation.main.controllers.ApplicationControllerTest.shouldBeSuccessfulWhenCreatingANewApplication(ApplicationControllerTest.java:115)
]]></failure>
    <system-out><![CDATA[2020-07-08 20:41:35.572  INFO 18212 --- [           main] .b.t.c.SpringBootTestContextBootstrapper : Neither @ContextConfiguration nor @ContextHierarchy found for test class [br.com.codenation.main.controllers.ApplicationControllerTest], using SpringBootContextLoader
2020-07-08 20:41:35.574  INFO 18212 --- [           main] o.s.t.c.support.AbstractContextLoader    : Could not detect default resource locations for test class [br.com.codenation.main.controllers.ApplicationControllerTest]: no resource found for suffixes {-context.xml, Context.groovy}.
2020-07-08 20:41:35.574  INFO 18212 --- [           main] t.c.s.AnnotationConfigContextLoaderUtils : Could not detect default configuration classes for test class [br.com.codenation.main.controllers.ApplicationControllerTest]: ApplicationControllerTest does not declare any static, non-private, non-final, nested classes annotated with @Configuration.
2020-07-08 20:41:35.639  INFO 18212 --- [           main] .b.t.c.SpringBootTestContextBootstrapper : Found @SpringBootConfiguration br.com.codenation.CentralErrosApplication for test class br.com.codenation.main.controllers.ApplicationControllerTest
2020-07-08 20:41:35.641  INFO 18212 --- [           main] .b.t.c.SpringBootTestContextBootstrapper : Loaded default TestExecutionListener class names from location [META-INF/spring.factories]: [org.springframework.boot.test.mock.mockito.MockitoTestExecutionListener, org.springframework.boot.test.mock.mockito.ResetMocksTestExecutionListener, org.springframework.boot.test.autoconfigure.restdocs.RestDocsTestExecutionListener, org.springframework.boot.test.autoconfigure.web.client.MockRestServiceServerResetTestExecutionListener, org.springframework.boot.test.autoconfigure.web.servlet.MockMvcPrintOnlyOnFailureTestExecutionListener, org.springframework.boot.test.autoconfigure.web.servlet.WebDriverTestExecutionListener, org.springframework.test.context.web.ServletTestExecutionListener, org.springframework.test.context.support.DirtiesContextBeforeModesTestExecutionListener, org.springframework.test.context.support.DependencyInjectionTestExecutionListener, org.springframework.test.context.support.DirtiesContextTestExecutionListener, org.springframework.test.context.transaction.TransactionalTestExecutionListener, org.springframework.test.context.jdbc.SqlScriptsTestExecutionListener, org.springframework.test.context.event.EventPublishingTestExecutionListener]
2020-07-08 20:41:35.642  INFO 18212 --- [           main] .b.t.c.SpringBootTestContextBootstrapper : Using TestExecutionListeners: [org.springframework.test.context.web.ServletTestExecutionListener@708378cc, org.springframework.test.context.support.DirtiesContextBeforeModesTestExecutionListener@17eb35fa, org.springframework.boot.test.mock.mockito.MockitoTestExecutionListener@1d691d4f, org.springframework.boot.test.autoconfigure.SpringBootDependencyInjectionTestExecutionListener@1082883b, org.springframework.test.context.support.DirtiesContextTestExecutionListener@7b2cd7ff, org.springframework.test.context.transaction.TransactionalTestExecutionListener@35266985, org.springframework.test.context.jdbc.SqlScriptsTestExecutionListener@6070990b, org.springframework.test.context.event.EventPublishingTestExecutionListener@64b7066e, org.springframework.boot.test.mock.mockito.ResetMocksTestExecutionListener@79b9b628, org.springframework.boot.test.autoconfigure.restdocs.RestDocsTestExecutionListener@7f5582db, org.springframework.boot.test.autoconfigure.web.client.MockRestServiceServerResetTestExecutionListener@1b09f4fb, org.springframework.boot.test.autoconfigure.web.servlet.MockMvcPrintOnlyOnFailureTestExecutionListener@47511582, org.springframework.boot.test.autoconfigure.web.servlet.WebDriverTestExecutionListener@736de3b6]

  .   ____          _            __ _ _
 /\\ / ___'_ __ _ _(_)_ __  __ _ \ \ \ \
( ( )\___ | '_ | '_| | '_ \/ _` | \ \ \ \
 \\/  ___)| |_)| | | | | || (_| |  ) ) ) )
  '  |____| .__|_| |_|_| |_\__, | / / / /
 =========|_|==============|___/=/_/_/_/
 :: Spring Boot ::        (v2.2.6.RELEASE)

2020-07-08 20:41:35.715  INFO 18212 --- [           main] b.c.c.m.c.ApplicationControllerTest      : Starting ApplicationControllerTest on Funchal-PC with PID 18212 (started by Delag in C:\Users\Delag\Desktop\Codenation\CentralDeErros)
2020-07-08 20:41:35.717  INFO 18212 --- [           main] b.c.c.m.c.ApplicationControllerTest      : The following profiles are active: test
2020-07-08 20:41:36.339  INFO 18212 --- [           main] .s.d.r.c.RepositoryConfigurationDelegate : Bootstrapping Spring Data JPA repositories in DEFAULT mode.
2020-07-08 20:41:36.397  INFO 18212 --- [           main] .s.d.r.c.RepositoryConfigurationDelegate : Finished Spring Data repository scanning in 57ms. Found 3 JPA repository interfaces.
2020-07-08 20:41:36.662  INFO 18212 --- [           main] o.hibernate.jpa.internal.util.LogHelper  : HHH000204: Processing PersistenceUnitInfo [name: default]
2020-07-08 20:41:36.672  INFO 18212 --- [           main] com.zaxxer.hikari.HikariDataSource       : HikariPool-2 - Starting...
2020-07-08 20:41:36.807  INFO 18212 --- [           main] com.zaxxer.hikari.HikariDataSource       : HikariPool-2 - Start completed.
2020-07-08 20:41:36.807  INFO 18212 --- [           main] org.hibernate.dialect.Dialect            : HHH000400: Using dialect: org.hibernate.dialect.PostgreSQL10Dialect
2020-07-08 20:41:37.705  INFO 18212 --- [           main] o.h.e.t.j.p.i.JtaPlatformInitiator       : HHH000490: Using JtaPlatform implementation: [org.hibernate.engine.transaction.jta.platform.internal.NoJtaPlatform]
2020-07-08 20:41:37.705  INFO 18212 --- [           main] j.LocalContainerEntityManagerFactoryBean : Initialized JPA EntityManagerFactory for persistence unit 'default'
2020-07-08 20:41:37.776  WARN 18212 --- [           main] JpaBaseConfiguration$JpaWebConfiguration : spring.jpa.open-in-view is enabled by default. Therefore, database queries may be performed during view rendering. Explicitly configure spring.jpa.open-in-view to disable this warning
2020-07-08 20:41:38.594  INFO 18212 --- [           main] pertySourcedRequestMappingHandlerMapping : Mapped URL path [/v2/api-docs] onto method [springfox.documentation.swagger2.web.Swagger2Controller#getDocumentation(String, HttpServletRequest)]
2020-07-08 20:41:38.698  INFO 18212 --- [           main] a.OAuth2AuthorizationServerConfiguration : Initialized OAuth2 Client

security.oauth2.client.client-id = frontend
security.oauth2.client.client-secret = ****


2020-07-08 20:41:38.831  INFO 18212 --- [           main] o.s.s.concurrent.ThreadPoolTaskExecutor  : Initializing ExecutorService 'applicationTaskExecutor'
2020-07-08 20:41:39.070  INFO 18212 --- [           main] o.s.s.web.DefaultSecurityFilterChain     : Creating filter chain: Ant [pattern='/', GET], []
2020-07-08 20:41:39.071  INFO 18212 --- [           main] o.s.s.web.DefaultSecurityFilterChain     : Creating filter chain: Ant [pattern='/webjars/**', GET], []
2020-07-08 20:41:39.071  INFO 18212 --- [           main] o.s.s.web.DefaultSecurityFilterChain     : Creating filter chain: Ant [pattern='/*.html', GET], []
2020-07-08 20:41:39.071  INFO 18212 --- [           main] o.s.s.web.DefaultSecurityFilterChain     : Creating filter chain: Ant [pattern='/favicon.ico', GET], []
2020-07-08 20:41:39.071  INFO 18212 --- [           main] o.s.s.web.DefaultSecurityFilterChain     : Creating filter chain: Ant [pattern='/**/*.html', GET], []
2020-07-08 20:41:39.071  INFO 18212 --- [           main] o.s.s.web.DefaultSecurityFilterChain     : Creating filter chain: Ant [pattern='/v2/api-docs', GET], []
2020-07-08 20:41:39.071  INFO 18212 --- [           main] o.s.s.web.DefaultSecurityFilterChain     : Creating filter chain: Ant [pattern='/configuration/ui', GET], []
2020-07-08 20:41:39.071  INFO 18212 --- [           main] o.s.s.web.DefaultSecurityFilterChain     : Creating filter chain: Ant [pattern='/swagger-resources/**', GET], []
2020-07-08 20:41:39.071  INFO 18212 --- [           main] o.s.s.web.DefaultSecurityFilterChain     : Creating filter chain: Ant [pattern='/configuration/**', GET], []
2020-07-08 20:41:39.071  INFO 18212 --- [           main] o.s.s.web.DefaultSecurityFilterChain     : Creating filter chain: Ant [pattern='/swagger-ui.html', GET], []
2020-07-08 20:41:39.071  INFO 18212 --- [           main] o.s.s.web.DefaultSecurityFilterChain     : Creating filter chain: Ant [pattern='/webjars/**', GET], []
2020-07-08 20:41:39.071  INFO 18212 --- [           main] o.s.s.web.DefaultSecurityFilterChain     : Creating filter chain: Ant [pattern='/**/*.css', GET], []
2020-07-08 20:41:39.071  INFO 18212 --- [           main] o.s.s.web.DefaultSecurityFilterChain     : Creating filter chain: Ant [pattern='/**/*.js', GET], []
2020-07-08 20:41:39.071  INFO 18212 --- [           main] o.s.s.web.DefaultSecurityFilterChain     : Creating filter chain: Ant [pattern='/user', POST], []
2020-07-08 20:41:39.174  INFO 18212 --- [           main] o.s.s.web.DefaultSecurityFilterChain     : Creating filter chain: OrRequestMatcher [requestMatchers=[Ant [pattern='/oauth/token'], Ant [pattern='/oauth/token_key'], Ant [pattern='/oauth/check_token']]], [org.springframework.security.web.context.request.async.WebAsyncManagerIntegrationFilter@25eadfe6, org.springframework.security.web.context.SecurityContextPersistenceFilter@55cbbf15, org.springframework.security.web.header.HeaderWriterFilter@71897380, org.springframework.security.web.authentication.logout.LogoutFilter@60319a00, org.springframework.security.web.authentication.www.BasicAuthenticationFilter@3aef4650, org.springframework.security.web.savedrequest.RequestCacheAwareFilter@37e2873c, org.springframework.security.web.servletapi.SecurityContextHolderAwareRequestFilter@dcdf733, org.springframework.security.web.authentication.AnonymousAuthenticationFilter@3ac23fe7, org.springframework.security.web.session.SessionManagementFilter@2919976e, org.springframework.security.web.access.ExceptionTranslationFilter@6740b169, org.springframework.security.web.access.intercept.FilterSecurityInterceptor@22a05923]
2020-07-08 20:41:39.191  INFO 18212 --- [           main] o.s.s.web.DefaultSecurityFilterChain     : Creating filter chain: Ant [pattern='/**'], [org.springframework.security.web.context.request.async.WebAsyncManagerIntegrationFilter@12620e98, org.springframework.security.web.context.SecurityContextPersistenceFilter@39d8240b, org.springframework.security.web.header.HeaderWriterFilter@4817bd3, org.springframework.web.filter.CorsFilter@46916d68, org.springframework.security.web.authentication.logout.LogoutFilter@41e35358, org.springframework.security.oauth2.provider.authentication.OAuth2AuthenticationProcessingFilter@2158d1d1, org.springframework.security.web.savedrequest.RequestCacheAwareFilter@3a6732bc, org.springframework.security.web.servletapi.SecurityContextHolderAwareRequestFilter@35b799c0, org.springframework.security.web.authentication.AnonymousAuthenticationFilter@79b07ccd, org.springframework.security.web.session.SessionManagementFilter@30e787e2, org.springframework.security.web.access.ExceptionTranslationFilter@2a153531, org.springframework.security.web.access.intercept.FilterSecurityInterceptor@7d8fcde8]
2020-07-08 20:41:39.229  INFO 18212 --- [           main] o.s.s.web.DefaultSecurityFilterChain     : Creating filter chain: any request, [org.springframework.security.web.context.request.async.WebAsyncManagerIntegrationFilter@460818c1, org.springframework.security.web.context.SecurityContextPersistenceFilter@1741afaf, org.springframework.security.web.header.HeaderWriterFilter@7f62fa28, org.springframework.security.web.csrf.CsrfFilter@129204bf, org.springframework.security.web.authentication.logout.LogoutFilter@6b732d6, org.springframework.security.web.authentication.UsernamePasswordAuthenticationFilter@127e838b, org.springframework.security.web.authentication.ui.DefaultLoginPageGeneratingFilter@5cb7eb6c, org.springframework.security.web.authentication.ui.DefaultLogoutPageGeneratingFilter@3669d7ac, org.springframework.security.web.authentication.www.BasicAuthenticationFilter@7c7caff1, org.springframework.security.web.savedrequest.RequestCacheAwareFilter@618cfd1, org.springframework.security.web.servletapi.SecurityContextHolderAwareRequestFilter@6ec3c680, org.springframework.security.web.authentication.AnonymousAuthenticationFilter@506d7831, org.springframework.security.web.session.SessionManagementFilter@15f4f652, org.springframework.security.web.access.ExceptionTranslationFilter@5f19da2c, org.springframework.security.web.access.intercept.FilterSecurityInterceptor@64a2966a]
2020-07-08 20:41:39.452  INFO 18212 --- [           main] o.s.b.t.m.w.SpringBootMockServletContext : Initializing Spring TestDispatcherServlet ''
2020-07-08 20:41:39.453  INFO 18212 --- [           main] o.s.t.web.servlet.TestDispatcherServlet  : Initializing Servlet ''
2020-07-08 20:41:39.470  INFO 18212 --- [           main] o.s.t.web.servlet.TestDispatcherServlet  : Completed initialization in 17 ms
2020-07-08 20:41:39.483  INFO 18212 --- [           main] d.s.w.p.DocumentationPluginsBootstrapper : Context refreshed
2020-07-08 20:41:39.484  INFO 18212 --- [           main] d.s.w.p.DocumentationPluginsBootstrapper : Found 1 custom documentation plugin(s)
2020-07-08 20:41:39.567  INFO 18212 --- [           main] s.d.s.w.s.ApiListingReferenceScanner     : Scanning for api listing references
2020-07-08 20:41:39.663  INFO 18212 --- [           main] .d.s.w.r.o.CachingOperationNameGenerator : Generating unique operation named: createUsingPOST_1
2020-07-08 20:41:39.669  INFO 18212 --- [           main] .d.s.w.r.o.CachingOperationNameGenerator : Generating unique operation named: deleteUsingDELETE_1
2020-07-08 20:41:39.678  INFO 18212 --- [           main] .d.s.w.r.o.CachingOperationNameGenerator : Generating unique operation named: getByIdUsingGET_1
2020-07-08 20:41:39.690  INFO 18212 --- [           main] .d.s.w.r.o.CachingOperationNameGenerator : Generating unique operation named: listAllUsingGET_1
2020-07-08 20:41:39.723  INFO 18212 --- [           main] .d.s.w.r.o.CachingOperationNameGenerator : Generating unique operation named: updateUsingPUT_1
2020-07-08 20:41:39.733  INFO 18212 --- [           main] .d.s.w.r.o.CachingOperationNameGenerator : Generating unique operation named: createUsingPOST_2
2020-07-08 20:41:39.739  INFO 18212 --- [           main] .d.s.w.r.o.CachingOperationNameGenerator : Generating unique operation named: deleteUsingDELETE_2
2020-07-08 20:41:39.744  INFO 18212 --- [           main] .d.s.w.r.o.CachingOperationNameGenerator : Generating unique operation named: getByIdUsingGET_2
2020-07-08 20:41:39.747  INFO 18212 --- [           main] .d.s.w.r.o.CachingOperationNameGenerator : Generating unique operation named: listAllUsingGET_2
2020-07-08 20:41:39.750  INFO 18212 --- [           main] .d.s.w.r.o.CachingOperationNameGenerator : Generating unique operation named: updateUsingPUT_2
2020-07-08 20:41:39.755  INFO 18212 --- [           main] b.c.c.m.c.ApplicationControllerTest      : Started ApplicationControllerTest in 4.101 seconds (JVM running for 15.033)
2020-07-08 20:41:40.090  INFO 18212 --- [           main] o.s.t.c.transaction.TransactionContext   : Began transaction (1) for test context [DefaultTestContext@66a97b79 testClass = ApplicationControllerTest, testInstance = br.com.codenation.main.controllers.ApplicationControllerTest@22251bc6, testMethod = shouldBeSuccessfulWhenCreatingANewApplication@ApplicationControllerTest, testException = [null], mergedContextConfiguration = [WebMergedContextConfiguration@685e398 testClass = ApplicationControllerTest, locations = '{}', classes = '{class br.com.codenation.CentralErrosApplication}', contextInitializerClasses = '[]', activeProfiles = '{test}', propertySourceLocations = '{}', propertySourceProperties = '{org.springframework.boot.test.context.SpringBootTestContextBootstrapper=true}', contextCustomizers = set[[ImportsContextCustomizer@2921aa59 key = [org.springframework.boot.test.autoconfigure.web.servlet.MockMvcAutoConfiguration, org.springframework.boot.test.autoconfigure.web.servlet.MockMvcWebClientAutoConfiguration, org.springframework.boot.test.autoconfigure.web.servlet.MockMvcWebDriverAutoConfiguration, org.springframework.boot.autoconfigure.security.servlet.SecurityAutoConfiguration, org.springframework.boot.autoconfigure.security.servlet.UserDetailsServiceAutoConfiguration, org.springframework.boot.test.autoconfigure.web.servlet.MockMvcSecurityConfiguration]], org.springframework.boot.test.context.filter.ExcludeFilterContextCustomizer@11d8ae8b, org.springframework.boot.test.json.DuplicateJsonObjectContextCustomizerFactory$DuplicateJsonObjectContextCustomizer@2b72cb8a, org.springframework.boot.test.mock.mockito.MockitoContextCustomizer@0, org.springframework.boot.test.web.client.TestRestTemplateContextCustomizer@1863d2fe, org.springframework.boot.test.autoconfigure.properties.PropertyMappingContextCustomizer@4b3fa0b3, org.springframework.boot.test.autoconfigure.web.servlet.WebDriverContextCustomizerFactory$Customizer@4b34fff9], resourceBasePath = 'src/main/webapp', contextLoader = 'org.springframework.boot.test.context.SpringBootContextLoader', parent = [null]], attributes = map['org.springframework.test.context.web.ServletTestExecutionListener.activateListener' -> true, 'org.springframework.test.context.web.ServletTestExecutionListener.populatedRequestContextHolder' -> true, 'org.springframework.test.context.web.ServletTestExecutionListener.resetRequestContextHolder' -> true]]; transaction manager [org.springframework.orm.jpa.JpaTransactionManager@3e9f3d0f]; rollback [true]

MockHttpServletRequest:
      HTTP Method = POST
      Request URI = /application
       Parameters = {}
          Headers = [Content-Type:"application/json;charset=UTF-8", Content-Length:"93"]
             Body = {"id":"a5ef3307-a1f2-42c0-91d1-978902afe13c","name":"127.0.0.1","token":"0.9900703164443686"}
    Session Attrs = {}

Handler:
             Type = null

Async:
    Async started = false
     Async result = null

Resolved Exception:
             Type = null

ModelAndView:
        View name = null
             View = null
            Model = null

FlashMap:
       Attributes = null

MockHttpServletResponse:
           Status = 401
    Error message = null
          Headers = [Vary:"Origin", "Access-Control-Request-Method", "Access-Control-Request-Headers", Cache-Control:"no-store", Pragma:"no-cache", WWW-Authenticate:"Bearer realm="oauth2-resource", error="unauthorized", error_description="Full authentication is required to access this resource"", Content-Type:"application/json", X-Content-Type-Options:"nosniff", X-XSS-Protection:"1; mode=block", X-Frame-Options:"DENY"]
     Content type = application/json
             Body = {"error":"unauthorized","error_description":"Full authentication is required to access this resource"}
    Forwarded URL = null
   Redirected URL = null
          Cookies = []
2020-07-08 20:41:40.434  INFO 18212 --- [           main] o.s.t.c.transaction.TransactionContext   : Rolled back transaction for test: [DefaultTestContext@66a97b79 testClass = ApplicationControllerTest, testInstance = br.com.codenation.main.controllers.ApplicationControllerTest@22251bc6, testMethod = shouldBeSuccessfulWhenCreatingANewApplication@ApplicationControllerTest, testException = java.lang.AssertionError: Range for response status value 401 expected:<SUCCESSFUL> but was:<CLIENT_ERROR>, mergedContextConfiguration = [WebMergedContextConfiguration@685e398 testClass = ApplicationControllerTest, locations = '{}', classes = '{class br.com.codenation.CentralErrosApplication}', contextInitializerClasses = '[]', activeProfiles = '{test}', propertySourceLocations = '{}', propertySourceProperties = '{org.springframework.boot.test.context.SpringBootTestContextBootstrapper=true}', contextCustomizers = set[[ImportsContextCustomizer@2921aa59 key = [org.springframework.boot.test.autoconfigure.web.servlet.MockMvcAutoConfiguration, org.springframework.boot.test.autoconfigure.web.servlet.MockMvcWebClientAutoConfiguration, org.springframework.boot.test.autoconfigure.web.servlet.MockMvcWebDriverAutoConfiguration, org.springframework.boot.autoconfigure.security.servlet.SecurityAutoConfiguration, org.springframework.boot.autoconfigure.security.servlet.UserDetailsServiceAutoConfiguration, org.springframework.boot.test.autoconfigure.web.servlet.MockMvcSecurityConfiguration]], org.springframework.boot.test.context.filter.ExcludeFilterContextCustomizer@11d8ae8b, org.springframework.boot.test.json.DuplicateJsonObjectContextCustomizerFactory$DuplicateJsonObjectContextCustomizer@2b72cb8a, org.springframework.boot.test.mock.mockito.MockitoContextCustomizer@0, org.springframework.boot.test.web.client.TestRestTemplateContextCustomizer@1863d2fe, org.springframework.boot.test.autoconfigure.properties.PropertyMappingContextCustomizer@4b3fa0b3, org.springframework.boot.test.autoconfigure.web.servlet.WebDriverContextCustomizerFactory$Customizer@4b34fff9], resourceBasePath = 'src/main/webapp', contextLoader = 'org.springframework.boot.test.context.SpringBootContextLoader', parent = [null]], attributes = map['org.springframework.test.context.web.ServletTestExecutionListener.activateListener' -> true, 'org.springframework.test.context.web.ServletTestExecutionListener.populatedRequestContextHolder' -> true, 'org.springframework.test.context.web.ServletTestExecutionListener.resetRequestContextHolder' -> true]]
]]></system-out>
  </testcase>
  <testcase name="shouldReturnEveryApplication" classname="br.com.codenation.main.controllers.ApplicationControllerTest" time="0.274">
    <failure message="Status expected:&lt;200&gt; but was:&lt;401&gt;" type="java.lang.AssertionError"><![CDATA[java.lang.AssertionError: Status expected:<200> but was:<401>
	at br.com.codenation.main.controllers.ApplicationControllerTest.shouldReturnEveryApplication(ApplicationControllerTest.java:53)
]]></failure>
    <system-out><![CDATA[2020-07-08 20:41:40.445  INFO 18212 --- [           main] o.s.t.c.transaction.TransactionContext   : Began transaction (1) for test context [DefaultTestContext@66a97b79 testClass = ApplicationControllerTest, testInstance = br.com.codenation.main.controllers.ApplicationControllerTest@f7b6b9e, testMethod = shouldReturnEveryApplication@ApplicationControllerTest, testException = [null], mergedContextConfiguration = [WebMergedContextConfiguration@685e398 testClass = ApplicationControllerTest, locations = '{}', classes = '{class br.com.codenation.CentralErrosApplication}', contextInitializerClasses = '[]', activeProfiles = '{test}', propertySourceLocations = '{}', propertySourceProperties = '{org.springframework.boot.test.context.SpringBootTestContextBootstrapper=true}', contextCustomizers = set[[ImportsContextCustomizer@2921aa59 key = [org.springframework.boot.test.autoconfigure.web.servlet.MockMvcAutoConfiguration, org.springframework.boot.test.autoconfigure.web.servlet.MockMvcWebClientAutoConfiguration, org.springframework.boot.test.autoconfigure.web.servlet.MockMvcWebDriverAutoConfiguration, org.springframework.boot.autoconfigure.security.servlet.SecurityAutoConfiguration, org.springframework.boot.autoconfigure.security.servlet.UserDetailsServiceAutoConfiguration, org.springframework.boot.test.autoconfigure.web.servlet.MockMvcSecurityConfiguration]], org.springframework.boot.test.context.filter.ExcludeFilterContextCustomizer@11d8ae8b, org.springframework.boot.test.json.DuplicateJsonObjectContextCustomizerFactory$DuplicateJsonObjectContextCustomizer@2b72cb8a, org.springframework.boot.test.mock.mockito.MockitoContextCustomizer@0, org.springframework.boot.test.web.client.TestRestTemplateContextCustomizer@1863d2fe, org.springframework.boot.test.autoconfigure.properties.PropertyMappingContextCustomizer@4b3fa0b3, org.springframework.boot.test.autoconfigure.web.servlet.WebDriverContextCustomizerFactory$Customizer@4b34fff9], resourceBasePath = 'src/main/webapp', contextLoader = 'org.springframework.boot.test.context.SpringBootContextLoader', parent = [null]], attributes = map['org.springframework.test.context.web.ServletTestExecutionListener.activateListener' -> true, 'org.springframework.test.context.web.ServletTestExecutionListener.populatedRequestContextHolder' -> true, 'org.springframework.test.context.web.ServletTestExecutionListener.resetRequestContextHolder' -> true]]; transaction manager [org.springframework.orm.jpa.JpaTransactionManager@3e9f3d0f]; rollback [true]
Hibernate: select applicatio0_.id as id1_0_0_, applicatio0_.created_at as created_2_0_0_, applicatio0_.updated_at as updated_3_0_0_, applicatio0_.name as name4_0_0_, applicatio0_.token as token5_0_0_ from application applicatio0_ where applicatio0_.id=?
Hibernate: select applicatio0_.id as id1_0_0_, applicatio0_.created_at as created_2_0_0_, applicatio0_.updated_at as updated_3_0_0_, applicatio0_.name as name4_0_0_, applicatio0_.token as token5_0_0_ from application applicatio0_ where applicatio0_.id=?

MockHttpServletRequest:
      HTTP Method = GET
      Request URI = /application
       Parameters = {}
          Headers = [Content-Type:"application/json;charset=UTF-8"]
             Body = null
    Session Attrs = {}

Handler:
             Type = null

Async:
    Async started = false
     Async result = null

Resolved Exception:
             Type = null

ModelAndView:
        View name = null
             View = null
            Model = null

FlashMap:
       Attributes = null

MockHttpServletResponse:
           Status = 401
    Error message = null
          Headers = [Vary:"Origin", "Access-Control-Request-Method", "Access-Control-Request-Headers", Cache-Control:"no-store", Pragma:"no-cache", WWW-Authenticate:"Bearer realm="oauth2-resource", error="unauthorized", error_description="Full authentication is required to access this resource"", Content-Type:"application/json", X-Content-Type-Options:"nosniff", X-XSS-Protection:"1; mode=block", X-Frame-Options:"DENY"]
     Content type = application/json
             Body = {"error":"unauthorized","error_description":"Full authentication is required to access this resource"}
    Forwarded URL = null
   Redirected URL = null
          Cookies = []
2020-07-08 20:41:40.622  INFO 18212 --- [           main] o.s.t.c.transaction.TransactionContext   : Rolled back transaction for test: [DefaultTestContext@66a97b79 testClass = ApplicationControllerTest, testInstance = br.com.codenation.main.controllers.ApplicationControllerTest@f7b6b9e, testMethod = shouldReturnEveryApplication@ApplicationControllerTest, testException = java.lang.AssertionError: Status expected:<200> but was:<401>, mergedContextConfiguration = [WebMergedContextConfiguration@685e398 testClass = ApplicationControllerTest, locations = '{}', classes = '{class br.com.codenation.CentralErrosApplication}', contextInitializerClasses = '[]', activeProfiles = '{test}', propertySourceLocations = '{}', propertySourceProperties = '{org.springframework.boot.test.context.SpringBootTestContextBootstrapper=true}', contextCustomizers = set[[ImportsContextCustomizer@2921aa59 key = [org.springframework.boot.test.autoconfigure.web.servlet.MockMvcAutoConfiguration, org.springframework.boot.test.autoconfigure.web.servlet.MockMvcWebClientAutoConfiguration, org.springframework.boot.test.autoconfigure.web.servlet.MockMvcWebDriverAutoConfiguration, org.springframework.boot.autoconfigure.security.servlet.SecurityAutoConfiguration, org.springframework.boot.autoconfigure.security.servlet.UserDetailsServiceAutoConfiguration, org.springframework.boot.test.autoconfigure.web.servlet.MockMvcSecurityConfiguration]], org.springframework.boot.test.context.filter.ExcludeFilterContextCustomizer@11d8ae8b, org.springframework.boot.test.json.DuplicateJsonObjectContextCustomizerFactory$DuplicateJsonObjectContextCustomizer@2b72cb8a, org.springframework.boot.test.mock.mockito.MockitoContextCustomizer@0, org.springframework.boot.test.web.client.TestRestTemplateContextCustomizer@1863d2fe, org.springframework.boot.test.autoconfigure.properties.PropertyMappingContextCustomizer@4b3fa0b3, org.springframework.boot.test.autoconfigure.web.servlet.WebDriverContextCustomizerFactory$Customizer@4b34fff9], resourceBasePath = 'src/main/webapp', contextLoader = 'org.springframework.boot.test.context.SpringBootContextLoader', parent = [null]], attributes = map['org.springframework.test.context.web.ServletTestExecutionListener.activateListener' -> true, 'org.springframework.test.context.web.ServletTestExecutionListener.populatedRequestContextHolder' -> true, 'org.springframework.test.context.web.ServletTestExecutionListener.resetRequestContextHolder' -> true]]
]]></system-out>
  </testcase>
  <testcase name="shouldNotReturnAnyApplications" classname="br.com.codenation.main.controllers.ApplicationControllerTest" time="0.092">
    <failure message="Status expected:&lt;200&gt; but was:&lt;401&gt;" type="java.lang.AssertionError"><![CDATA[java.lang.AssertionError: Status expected:<200> but was:<401>
	at br.com.codenation.main.controllers.ApplicationControllerTest.shouldNotReturnAnyApplications(ApplicationControllerTest.java:70)
]]></failure>
    <system-out><![CDATA[2020-07-08 20:41:40.625  INFO 18212 --- [           main] o.s.t.c.transaction.TransactionContext   : Began transaction (1) for test context [DefaultTestContext@66a97b79 testClass = ApplicationControllerTest, testInstance = br.com.codenation.main.controllers.ApplicationControllerTest@620bfd8c, testMethod = shouldNotReturnAnyApplications@ApplicationControllerTest, testException = [null], mergedContextConfiguration = [WebMergedContextConfiguration@685e398 testClass = ApplicationControllerTest, locations = '{}', classes = '{class br.com.codenation.CentralErrosApplication}', contextInitializerClasses = '[]', activeProfiles = '{test}', propertySourceLocations = '{}', propertySourceProperties = '{org.springframework.boot.test.context.SpringBootTestContextBootstrapper=true}', contextCustomizers = set[[ImportsContextCustomizer@2921aa59 key = [org.springframework.boot.test.autoconfigure.web.servlet.MockMvcAutoConfiguration, org.springframework.boot.test.autoconfigure.web.servlet.MockMvcWebClientAutoConfiguration, org.springframework.boot.test.autoconfigure.web.servlet.MockMvcWebDriverAutoConfiguration, org.springframework.boot.autoconfigure.security.servlet.SecurityAutoConfiguration, org.springframework.boot.autoconfigure.security.servlet.UserDetailsServiceAutoConfiguration, org.springframework.boot.test.autoconfigure.web.servlet.MockMvcSecurityConfiguration]], org.springframework.boot.test.context.filter.ExcludeFilterContextCustomizer@11d8ae8b, org.springframework.boot.test.json.DuplicateJsonObjectContextCustomizerFactory$DuplicateJsonObjectContextCustomizer@2b72cb8a, org.springframework.boot.test.mock.mockito.MockitoContextCustomizer@0, org.springframework.boot.test.web.client.TestRestTemplateContextCustomizer@1863d2fe, org.springframework.boot.test.autoconfigure.properties.PropertyMappingContextCustomizer@4b3fa0b3, org.springframework.boot.test.autoconfigure.web.servlet.WebDriverContextCustomizerFactory$Customizer@4b34fff9], resourceBasePath = 'src/main/webapp', contextLoader = 'org.springframework.boot.test.context.SpringBootContextLoader', parent = [null]], attributes = map['org.springframework.test.context.web.ServletTestExecutionListener.activateListener' -> true, 'org.springframework.test.context.web.ServletTestExecutionListener.populatedRequestContextHolder' -> true, 'org.springframework.test.context.web.ServletTestExecutionListener.resetRequestContextHolder' -> true]]; transaction manager [org.springframework.orm.jpa.JpaTransactionManager@3e9f3d0f]; rollback [true]

MockHttpServletRequest:
      HTTP Method = GET
      Request URI = /application
       Parameters = {}
          Headers = [Content-Type:"application/json;charset=UTF-8"]
             Body = null
    Session Attrs = {}

Handler:
             Type = null

Async:
    Async started = false
     Async result = null

Resolved Exception:
             Type = null

ModelAndView:
        View name = null
             View = null
            Model = null

FlashMap:
       Attributes = null

MockHttpServletResponse:
           Status = 401
    Error message = null
          Headers = [Vary:"Origin", "Access-Control-Request-Method", "Access-Control-Request-Headers", Cache-Control:"no-store", Pragma:"no-cache", WWW-Authenticate:"Bearer realm="oauth2-resource", error="unauthorized", error_description="Full authentication is required to access this resource"", Content-Type:"application/json", X-Content-Type-Options:"nosniff", X-XSS-Protection:"1; mode=block", X-Frame-Options:"DENY"]
     Content type = application/json
             Body = {"error":"unauthorized","error_description":"Full authentication is required to access this resource"}
    Forwarded URL = null
   Redirected URL = null
          Cookies = []
2020-07-08 20:41:40.638  INFO 18212 --- [           main] o.s.t.c.transaction.TransactionContext   : Rolled back transaction for test: [DefaultTestContext@66a97b79 testClass = ApplicationControllerTest, testInstance = br.com.codenation.main.controllers.ApplicationControllerTest@620bfd8c, testMethod = shouldNotReturnAnyApplications@ApplicationControllerTest, testException = java.lang.AssertionError: Status expected:<200> but was:<401>, mergedContextConfiguration = [WebMergedContextConfiguration@685e398 testClass = ApplicationControllerTest, locations = '{}', classes = '{class br.com.codenation.CentralErrosApplication}', contextInitializerClasses = '[]', activeProfiles = '{test}', propertySourceLocations = '{}', propertySourceProperties = '{org.springframework.boot.test.context.SpringBootTestContextBootstrapper=true}', contextCustomizers = set[[ImportsContextCustomizer@2921aa59 key = [org.springframework.boot.test.autoconfigure.web.servlet.MockMvcAutoConfiguration, org.springframework.boot.test.autoconfigure.web.servlet.MockMvcWebClientAutoConfiguration, org.springframework.boot.test.autoconfigure.web.servlet.MockMvcWebDriverAutoConfiguration, org.springframework.boot.autoconfigure.security.servlet.SecurityAutoConfiguration, org.springframework.boot.autoconfigure.security.servlet.UserDetailsServiceAutoConfiguration, org.springframework.boot.test.autoconfigure.web.servlet.MockMvcSecurityConfiguration]], org.springframework.boot.test.context.filter.ExcludeFilterContextCustomizer@11d8ae8b, org.springframework.boot.test.json.DuplicateJsonObjectContextCustomizerFactory$DuplicateJsonObjectContextCustomizer@2b72cb8a, org.springframework.boot.test.mock.mockito.MockitoContextCustomizer@0, org.springframework.boot.test.web.client.TestRestTemplateContextCustomizer@1863d2fe, org.springframework.boot.test.autoconfigure.properties.PropertyMappingContextCustomizer@4b3fa0b3, org.springframework.boot.test.autoconfigure.web.servlet.WebDriverContextCustomizerFactory$Customizer@4b34fff9], resourceBasePath = 'src/main/webapp', contextLoader = 'org.springframework.boot.test.context.SpringBootContextLoader', parent = [null]], attributes = map['org.springframework.test.context.web.ServletTestExecutionListener.activateListener' -> true, 'org.springframework.test.context.web.ServletTestExecutionListener.populatedRequestContextHolder' -> true, 'org.springframework.test.context.web.ServletTestExecutionListener.resetRequestContextHolder' -> true]]
]]></system-out>
  </testcase>
  <testcase name="shouldReturnAnApplicationWithTheSameId" classname="br.com.codenation.main.controllers.ApplicationControllerTest" time="0.046">
    <failure message="Status expected:&lt;200&gt; but was:&lt;401&gt;" type="java.lang.AssertionError"><![CDATA[java.lang.AssertionError: Status expected:<200> but was:<401>
	at br.com.codenation.main.controllers.ApplicationControllerTest.shouldReturnAnApplicationWithTheSameId(ApplicationControllerTest.java:81)
]]></failure>
    <system-out><![CDATA[2020-07-08 20:41:40.641  INFO 18212 --- [           main] o.s.t.c.transaction.TransactionContext   : Began transaction (1) for test context [DefaultTestContext@66a97b79 testClass = ApplicationControllerTest, testInstance = br.com.codenation.main.controllers.ApplicationControllerTest@73f937d9, testMethod = shouldReturnAnApplicationWithTheSameId@ApplicationControllerTest, testException = [null], mergedContextConfiguration = [WebMergedContextConfiguration@685e398 testClass = ApplicationControllerTest, locations = '{}', classes = '{class br.com.codenation.CentralErrosApplication}', contextInitializerClasses = '[]', activeProfiles = '{test}', propertySourceLocations = '{}', propertySourceProperties = '{org.springframework.boot.test.context.SpringBootTestContextBootstrapper=true}', contextCustomizers = set[[ImportsContextCustomizer@2921aa59 key = [org.springframework.boot.test.autoconfigure.web.servlet.MockMvcAutoConfiguration, org.springframework.boot.test.autoconfigure.web.servlet.MockMvcWebClientAutoConfiguration, org.springframework.boot.test.autoconfigure.web.servlet.MockMvcWebDriverAutoConfiguration, org.springframework.boot.autoconfigure.security.servlet.SecurityAutoConfiguration, org.springframework.boot.autoconfigure.security.servlet.UserDetailsServiceAutoConfiguration, org.springframework.boot.test.autoconfigure.web.servlet.MockMvcSecurityConfiguration]], org.springframework.boot.test.context.filter.ExcludeFilterContextCustomizer@11d8ae8b, org.springframework.boot.test.json.DuplicateJsonObjectContextCustomizerFactory$DuplicateJsonObjectContextCustomizer@2b72cb8a, org.springframework.boot.test.mock.mockito.MockitoContextCustomizer@0, org.springframework.boot.test.web.client.TestRestTemplateContextCustomizer@1863d2fe, org.springframework.boot.test.autoconfigure.properties.PropertyMappingContextCustomizer@4b3fa0b3, org.springframework.boot.test.autoconfigure.web.servlet.WebDriverContextCustomizerFactory$Customizer@4b34fff9], resourceBasePath = 'src/main/webapp', contextLoader = 'org.springframework.boot.test.context.SpringBootContextLoader', parent = [null]], attributes = map['org.springframework.test.context.web.ServletTestExecutionListener.activateListener' -> true, 'org.springframework.test.context.web.ServletTestExecutionListener.populatedRequestContextHolder' -> true, 'org.springframework.test.context.web.ServletTestExecutionListener.resetRequestContextHolder' -> true]]; transaction manager [org.springframework.orm.jpa.JpaTransactionManager@3e9f3d0f]; rollback [true]
Hibernate: select applicatio0_.id as id1_0_0_, applicatio0_.created_at as created_2_0_0_, applicatio0_.updated_at as updated_3_0_0_, applicatio0_.name as name4_0_0_, applicatio0_.token as token5_0_0_ from application applicatio0_ where applicatio0_.id=?

MockHttpServletRequest:
      HTTP Method = GET
      Request URI = /application/3a2ffd35-e145-4065-861f-00a1c2c60a96
       Parameters = {}
          Headers = [Content-Type:"application/json;charset=UTF-8"]
             Body = null
    Session Attrs = {}

Handler:
             Type = null

Async:
    Async started = false
     Async result = null

Resolved Exception:
             Type = null

ModelAndView:
        View name = null
             View = null
            Model = null

FlashMap:
       Attributes = null

MockHttpServletResponse:
           Status = 401
    Error message = null
          Headers = [Vary:"Origin", "Access-Control-Request-Method", "Access-Control-Request-Headers", Cache-Control:"no-store", Pragma:"no-cache", WWW-Authenticate:"Bearer realm="oauth2-resource", error="unauthorized", error_description="Full authentication is required to access this resource"", Content-Type:"application/json", X-Content-Type-Options:"nosniff", X-XSS-Protection:"1; mode=block", X-Frame-Options:"DENY"]
     Content type = application/json
             Body = {"error":"unauthorized","error_description":"Full authentication is required to access this resource"}
    Forwarded URL = null
   Redirected URL = null
          Cookies = []
2020-07-08 20:41:40.653  INFO 18212 --- [           main] o.s.t.c.transaction.TransactionContext   : Rolled back transaction for test: [DefaultTestContext@66a97b79 testClass = ApplicationControllerTest, testInstance = br.com.codenation.main.controllers.ApplicationControllerTest@73f937d9, testMethod = shouldReturnAnApplicationWithTheSameId@ApplicationControllerTest, testException = java.lang.AssertionError: Status expected:<200> but was:<401>, mergedContextConfiguration = [WebMergedContextConfiguration@685e398 testClass = ApplicationControllerTest, locations = '{}', classes = '{class br.com.codenation.CentralErrosApplication}', contextInitializerClasses = '[]', activeProfiles = '{test}', propertySourceLocations = '{}', propertySourceProperties = '{org.springframework.boot.test.context.SpringBootTestContextBootstrapper=true}', contextCustomizers = set[[ImportsContextCustomizer@2921aa59 key = [org.springframework.boot.test.autoconfigure.web.servlet.MockMvcAutoConfiguration, org.springframework.boot.test.autoconfigure.web.servlet.MockMvcWebClientAutoConfiguration, org.springframework.boot.test.autoconfigure.web.servlet.MockMvcWebDriverAutoConfiguration, org.springframework.boot.autoconfigure.security.servlet.SecurityAutoConfiguration, org.springframework.boot.autoconfigure.security.servlet.UserDetailsServiceAutoConfiguration, org.springframework.boot.test.autoconfigure.web.servlet.MockMvcSecurityConfiguration]], org.springframework.boot.test.context.filter.ExcludeFilterContextCustomizer@11d8ae8b, org.springframework.boot.test.json.DuplicateJsonObjectContextCustomizerFactory$DuplicateJsonObjectContextCustomizer@2b72cb8a, org.springframework.boot.test.mock.mockito.MockitoContextCustomizer@0, org.springframework.boot.test.web.client.TestRestTemplateContextCustomizer@1863d2fe, org.springframework.boot.test.autoconfigure.properties.PropertyMappingContextCustomizer@4b3fa0b3, org.springframework.boot.test.autoconfigure.web.servlet.WebDriverContextCustomizerFactory$Customizer@4b34fff9], resourceBasePath = 'src/main/webapp', contextLoader = 'org.springframework.boot.test.context.SpringBootContextLoader', parent = [null]], attributes = map['org.springframework.test.context.web.ServletTestExecutionListener.activateListener' -> true, 'org.springframework.test.context.web.ServletTestExecutionListener.populatedRequestContextHolder' -> true, 'org.springframework.test.context.web.ServletTestExecutionListener.resetRequestContextHolder' -> true]]
]]></system-out>
  </testcase>
  <testcase name="shouldNotReturnAnyApplicationsBecauseOfInvalidId" classname="br.com.codenation.main.controllers.ApplicationControllerTest" time="0.096">
    <failure message="Range for response status value 401 expected:&lt;SUCCESSFUL&gt; but was:&lt;CLIENT_ERROR&gt;" type="java.lang.AssertionError"><![CDATA[java.lang.AssertionError: Range for response status value 401 expected:<SUCCESSFUL> but was:<CLIENT_ERROR>
	at br.com.codenation.main.controllers.ApplicationControllerTest.shouldNotReturnAnyApplicationsBecauseOfInvalidId(ApplicationControllerTest.java:96)
]]></failure>
    <system-out><![CDATA[2020-07-08 20:41:40.656  INFO 18212 --- [           main] o.s.t.c.transaction.TransactionContext   : Began transaction (1) for test context [DefaultTestContext@66a97b79 testClass = ApplicationControllerTest, testInstance = br.com.codenation.main.controllers.ApplicationControllerTest@26562718, testMethod = shouldNotReturnAnyApplicationsBecauseOfInvalidId@ApplicationControllerTest, testException = [null], mergedContextConfiguration = [WebMergedContextConfiguration@685e398 testClass = ApplicationControllerTest, locations = '{}', classes = '{class br.com.codenation.CentralErrosApplication}', contextInitializerClasses = '[]', activeProfiles = '{test}', propertySourceLocations = '{}', propertySourceProperties = '{org.springframework.boot.test.context.SpringBootTestContextBootstrapper=true}', contextCustomizers = set[[ImportsContextCustomizer@2921aa59 key = [org.springframework.boot.test.autoconfigure.web.servlet.MockMvcAutoConfiguration, org.springframework.boot.test.autoconfigure.web.servlet.MockMvcWebClientAutoConfiguration, org.springframework.boot.test.autoconfigure.web.servlet.MockMvcWebDriverAutoConfiguration, org.springframework.boot.autoconfigure.security.servlet.SecurityAutoConfiguration, org.springframework.boot.autoconfigure.security.servlet.UserDetailsServiceAutoConfiguration, org.springframework.boot.test.autoconfigure.web.servlet.MockMvcSecurityConfiguration]], org.springframework.boot.test.context.filter.ExcludeFilterContextCustomizer@11d8ae8b, org.springframework.boot.test.json.DuplicateJsonObjectContextCustomizerFactory$DuplicateJsonObjectContextCustomizer@2b72cb8a, org.springframework.boot.test.mock.mockito.MockitoContextCustomizer@0, org.springframework.boot.test.web.client.TestRestTemplateContextCustomizer@1863d2fe, org.springframework.boot.test.autoconfigure.properties.PropertyMappingContextCustomizer@4b3fa0b3, org.springframework.boot.test.autoconfigure.web.servlet.WebDriverContextCustomizerFactory$Customizer@4b34fff9], resourceBasePath = 'src/main/webapp', contextLoader = 'org.springframework.boot.test.context.SpringBootContextLoader', parent = [null]], attributes = map['org.springframework.test.context.web.ServletTestExecutionListener.activateListener' -> true, 'org.springframework.test.context.web.ServletTestExecutionListener.populatedRequestContextHolder' -> true, 'org.springframework.test.context.web.ServletTestExecutionListener.resetRequestContextHolder' -> true]]; transaction manager [org.springframework.orm.jpa.JpaTransactionManager@3e9f3d0f]; rollback [true]
Hibernate: select applicatio0_.id as id1_0_0_, applicatio0_.created_at as created_2_0_0_, applicatio0_.updated_at as updated_3_0_0_, applicatio0_.name as name4_0_0_, applicatio0_.token as token5_0_0_ from application applicatio0_ where applicatio0_.id=?

MockHttpServletRequest:
      HTTP Method = GET
      Request URI = /application/86724c05-0581-446b-bae4-380ccd0b77bf
       Parameters = {}
          Headers = [Content-Type:"application/json;charset=UTF-8"]
             Body = null
    Session Attrs = {}

Handler:
             Type = null

Async:
    Async started = false
     Async result = null

Resolved Exception:
             Type = null

ModelAndView:
        View name = null
             View = null
            Model = null

FlashMap:
       Attributes = null

MockHttpServletResponse:
           Status = 401
    Error message = null
          Headers = [Vary:"Origin", "Access-Control-Request-Method", "Access-Control-Request-Headers", Cache-Control:"no-store", Pragma:"no-cache", WWW-Authenticate:"Bearer realm="oauth2-resource", error="unauthorized", error_description="Full authentication is required to access this resource"", Content-Type:"application/json", X-Content-Type-Options:"nosniff", X-XSS-Protection:"1; mode=block", X-Frame-Options:"DENY"]
     Content type = application/json
             Body = {"error":"unauthorized","error_description":"Full authentication is required to access this resource"}
    Forwarded URL = null
   Redirected URL = null
          Cookies = []
2020-07-08 20:41:40.706  INFO 18212 --- [           main] o.s.t.c.transaction.TransactionContext   : Rolled back transaction for test: [DefaultTestContext@66a97b79 testClass = ApplicationControllerTest, testInstance = br.com.codenation.main.controllers.ApplicationControllerTest@26562718, testMethod = shouldNotReturnAnyApplicationsBecauseOfInvalidId@ApplicationControllerTest, testException = java.lang.AssertionError: Range for response status value 401 expected:<SUCCESSFUL> but was:<CLIENT_ERROR>, mergedContextConfiguration = [WebMergedContextConfiguration@685e398 testClass = ApplicationControllerTest, locations = '{}', classes = '{class br.com.codenation.CentralErrosApplication}', contextInitializerClasses = '[]', activeProfiles = '{test}', propertySourceLocations = '{}', propertySourceProperties = '{org.springframework.boot.test.context.SpringBootTestContextBootstrapper=true}', contextCustomizers = set[[ImportsContextCustomizer@2921aa59 key = [org.springframework.boot.test.autoconfigure.web.servlet.MockMvcAutoConfiguration, org.springframework.boot.test.autoconfigure.web.servlet.MockMvcWebClientAutoConfiguration, org.springframework.boot.test.autoconfigure.web.servlet.MockMvcWebDriverAutoConfiguration, org.springframework.boot.autoconfigure.security.servlet.SecurityAutoConfiguration, org.springframework.boot.autoconfigure.security.servlet.UserDetailsServiceAutoConfiguration, org.springframework.boot.test.autoconfigure.web.servlet.MockMvcSecurityConfiguration]], org.springframework.boot.test.context.filter.ExcludeFilterContextCustomizer@11d8ae8b, org.springframework.boot.test.json.DuplicateJsonObjectContextCustomizerFactory$DuplicateJsonObjectContextCustomizer@2b72cb8a, org.springframework.boot.test.mock.mockito.MockitoContextCustomizer@0, org.springframework.boot.test.web.client.TestRestTemplateContextCustomizer@1863d2fe, org.springframework.boot.test.autoconfigure.properties.PropertyMappingContextCustomizer@4b3fa0b3, org.springframework.boot.test.autoconfigure.web.servlet.WebDriverContextCustomizerFactory$Customizer@4b34fff9], resourceBasePath = 'src/main/webapp', contextLoader = 'org.springframework.boot.test.context.SpringBootContextLoader', parent = [null]], attributes = map['org.springframework.test.context.web.ServletTestExecutionListener.activateListener' -> true, 'org.springframework.test.context.web.ServletTestExecutionListener.populatedRequestContextHolder' -> true, 'org.springframework.test.context.web.ServletTestExecutionListener.resetRequestContextHolder' -> true]]
]]></system-out>
  </testcase>
  <testcase name="shouldReturnAnErrorBecauseOfWrongIdType" classname="br.com.codenation.main.controllers.ApplicationControllerTest" time="0.017"/>
</testsuite>